{"/Users/javierjv/Workspace/catalanska/gym-api/controllers/bookingsController.js": {"path":"/Users/javierjv/Workspace/catalanska/gym-api/controllers/bookingsController.js","statementMap":{"0":{"start":{"line":1,"column":29},"end":{"line":1,"column":67}},"1":{"start":{"line":3,"column":0},"end":{"line":14,"column":2}},"2":{"start":{"line":4,"column":2},"end":{"line":13,"column":7}},"3":{"start":{"line":5,"column":20},"end":{"line":5,"column":34}},"4":{"start":{"line":7,"column":6},"end":{"line":10,"column":7}},"5":{"start":{"line":8,"column":8},"end":{"line":8,"column":87}},"6":{"start":{"line":9,"column":8},"end":{"line":9,"column":15}},"7":{"start":{"line":12,"column":6},"end":{"line":12,"column":70}}},"fnMap":{"0":{"name":"createClass","decl":{"start":{"line":3,"column":31},"end":{"line":3,"column":42}},"loc":{"start":{"line":3,"column":53},"end":{"line":14,"column":1}},"line":3},"1":{"name":"(anonymous_1)","decl":{"start":{"line":5,"column":10},"end":{"line":5,"column":11}},"loc":{"start":{"line":5,"column":20},"end":{"line":5,"column":34}},"line":5},"2":{"name":"(anonymous_2)","decl":{"start":{"line":6,"column":11},"end":{"line":6,"column":12}},"loc":{"start":{"line":6,"column":22},"end":{"line":13,"column":5}},"line":6}},"branchMap":{"0":{"loc":{"start":{"line":7,"column":6},"end":{"line":10,"column":7}},"type":"if","locations":[{"start":{"line":7,"column":6},"end":{"line":10,"column":7}},{"start":{"line":7,"column":6},"end":{"line":10,"column":7}}],"line":7}},"s":{"0":3,"1":3,"2":3,"3":1,"4":2,"5":1,"6":1,"7":1},"f":{"0":3,"1":1,"2":2},"b":{"0":[1,1]},"_coverageSchema":"1a1c01bbd47fc00a2c39e90264f33305004495a9","hash":"e0adb89b9373f2f54a5e82b514c3c959d2292505"}
,"/Users/javierjv/Workspace/catalanska/gym-api/controllers/classesController.js": {"path":"/Users/javierjv/Workspace/catalanska/gym-api/controllers/classesController.js","statementMap":{"0":{"start":{"line":1,"column":27},"end":{"line":1,"column":63}},"1":{"start":{"line":3,"column":0},"end":{"line":18,"column":2}},"2":{"start":{"line":4,"column":2},"end":{"line":17,"column":7}},"3":{"start":{"line":5,"column":20},"end":{"line":5,"column":34}},"4":{"start":{"line":7,"column":6},"end":{"line":10,"column":7}},"5":{"start":{"line":8,"column":8},"end":{"line":8,"column":71}},"6":{"start":{"line":9,"column":8},"end":{"line":9,"column":15}},"7":{"start":{"line":11,"column":6},"end":{"line":14,"column":7}},"8":{"start":{"line":12,"column":8},"end":{"line":12,"column":100}},"9":{"start":{"line":13,"column":8},"end":{"line":13,"column":15}},"10":{"start":{"line":16,"column":6},"end":{"line":16,"column":68}}},"fnMap":{"0":{"name":"createClass","decl":{"start":{"line":3,"column":31},"end":{"line":3,"column":42}},"loc":{"start":{"line":3,"column":53},"end":{"line":18,"column":1}},"line":3},"1":{"name":"(anonymous_1)","decl":{"start":{"line":5,"column":10},"end":{"line":5,"column":11}},"loc":{"start":{"line":5,"column":20},"end":{"line":5,"column":34}},"line":5},"2":{"name":"(anonymous_2)","decl":{"start":{"line":6,"column":11},"end":{"line":6,"column":12}},"loc":{"start":{"line":6,"column":22},"end":{"line":17,"column":5}},"line":6}},"branchMap":{"0":{"loc":{"start":{"line":7,"column":6},"end":{"line":10,"column":7}},"type":"if","locations":[{"start":{"line":7,"column":6},"end":{"line":10,"column":7}},{"start":{"line":7,"column":6},"end":{"line":10,"column":7}}],"line":7},"1":{"loc":{"start":{"line":11,"column":6},"end":{"line":14,"column":7}},"type":"if","locations":[{"start":{"line":11,"column":6},"end":{"line":14,"column":7}},{"start":{"line":11,"column":6},"end":{"line":14,"column":7}}],"line":11}},"s":{"0":3,"1":3,"2":4,"3":1,"4":3,"5":1,"6":1,"7":2,"8":1,"9":1,"10":1},"f":{"0":4,"1":1,"2":3},"b":{"0":[1,2],"1":[1,1]},"_coverageSchema":"1a1c01bbd47fc00a2c39e90264f33305004495a9","hash":"86ea83e88f36b20a393d44ecba9cdb341d6052ba"}
,"/Users/javierjv/Workspace/catalanska/gym-api/lib/createBookingService.js": {"path":"/Users/javierjv/Workspace/catalanska/gym-api/lib/createBookingService.js","statementMap":{"0":{"start":{"line":1,"column":22},"end":{"line":1,"column":56}},"1":{"start":{"line":3,"column":0},"end":{"line":10,"column":2}},"2":{"start":{"line":4,"column":24},"end":{"line":4,"column":67}},"3":{"start":{"line":6,"column":2},"end":{"line":6,"column":60}},"4":{"start":{"line":6,"column":22},"end":{"line":6,"column":60}},"5":{"start":{"line":8,"column":23},"end":{"line":8,"column":74}},"6":{"start":{"line":9,"column":2},"end":{"line":9,"column":22}}},"fnMap":{"0":{"name":"createClassService","decl":{"start":{"line":3,"column":30},"end":{"line":3,"column":48}},"loc":{"start":{"line":3,"column":65},"end":{"line":10,"column":1}},"line":3}},"branchMap":{"0":{"loc":{"start":{"line":6,"column":2},"end":{"line":6,"column":60}},"type":"if","locations":[{"start":{"line":6,"column":2},"end":{"line":6,"column":60}},{"start":{"line":6,"column":2},"end":{"line":6,"column":60}}],"line":6}},"s":{"0":3,"1":3,"2":3,"3":3,"4":1,"5":2,"6":1},"f":{"0":3},"b":{"0":[1,2]},"_coverageSchema":"1a1c01bbd47fc00a2c39e90264f33305004495a9","hash":"b8f9ea06180d6ed1198dbdd3085433ca6f6a2b3e"}
,"/Users/javierjv/Workspace/catalanska/gym-api/lib/createClassService.js": {"path":"/Users/javierjv/Workspace/catalanska/gym-api/lib/createClassService.js","statementMap":{"0":{"start":{"line":1,"column":19},"end":{"line":1,"column":50}},"1":{"start":{"line":2,"column":22},"end":{"line":2,"column":56}},"2":{"start":{"line":3,"column":29},"end":{"line":3,"column":53}},"3":{"start":{"line":4,"column":48},"end":{"line":4,"column":71}},"4":{"start":{"line":6,"column":26},"end":{"line":6,"column":52}},"5":{"start":{"line":7,"column":30},"end":{"line":7,"column":60}},"6":{"start":{"line":10,"column":33},"end":{"line":10,"column":44}},"7":{"start":{"line":11,"column":16},"end":{"line":11,"column":56}},"8":{"start":{"line":13,"column":2},"end":{"line":13,"column":63}},"9":{"start":{"line":17,"column":33},"end":{"line":17,"column":44}},"10":{"start":{"line":18,"column":2},"end":{"line":18,"column":69}},"11":{"start":{"line":18,"column":45},"end":{"line":18,"column":69}},"12":{"start":{"line":20,"column":25},"end":{"line":20,"column":68}},"13":{"start":{"line":21,"column":2},"end":{"line":21,"column":51}},"14":{"start":{"line":21,"column":23},"end":{"line":21,"column":51}},"15":{"start":{"line":24,"column":0},"end":{"line":30,"column":2}},"16":{"start":{"line":25,"column":2},"end":{"line":25,"column":41}},"17":{"start":{"line":26,"column":19},"end":{"line":26,"column":59}},"18":{"start":{"line":27,"column":2},"end":{"line":27,"column":40}},"19":{"start":{"line":29,"column":2},"end":{"line":29,"column":18}}},"fnMap":{"0":{"name":"createCalendarEntries","decl":{"start":{"line":9,"column":15},"end":{"line":9,"column":36}},"loc":{"start":{"line":9,"column":50},"end":{"line":14,"column":1}},"line":9},"1":{"name":"validateClassParams","decl":{"start":{"line":16,"column":15},"end":{"line":16,"column":34}},"loc":{"start":{"line":16,"column":48},"end":{"line":22,"column":1}},"line":16},"2":{"name":"createClassService","decl":{"start":{"line":24,"column":30},"end":{"line":24,"column":48}},"loc":{"start":{"line":24,"column":62},"end":{"line":30,"column":1}},"line":24}},"branchMap":{"0":{"loc":{"start":{"line":18,"column":2},"end":{"line":18,"column":69}},"type":"if","locations":[{"start":{"line":18,"column":2},"end":{"line":18,"column":69}},{"start":{"line":18,"column":2},"end":{"line":18,"column":69}}],"line":18},"1":{"loc":{"start":{"line":21,"column":2},"end":{"line":21,"column":51}},"type":"if","locations":[{"start":{"line":21,"column":2},"end":{"line":21,"column":51}},{"start":{"line":21,"column":2},"end":{"line":21,"column":51}}],"line":21}},"s":{"0":3,"1":3,"2":3,"3":3,"4":3,"5":3,"6":1,"7":1,"8":1,"9":4,"10":4,"11":1,"12":3,"13":3,"14":1,"15":3,"16":4,"17":2,"18":1,"19":1},"f":{"0":1,"1":4,"2":4},"b":{"0":[1,3],"1":[1,2]},"_coverageSchema":"1a1c01bbd47fc00a2c39e90264f33305004495a9","hash":"e68aa20130e2d7d07d559a6869dc6aae659854ea"}
,"/Users/javierjv/Workspace/catalanska/gym-api/lib/datesHelper.js": {"path":"/Users/javierjv/Workspace/catalanska/gym-api/lib/datesHelper.js","statementMap":{"0":{"start":{"line":2,"column":14},"end":{"line":2,"column":38}},"1":{"start":{"line":3,"column":12},"end":{"line":3,"column":31}},"2":{"start":{"line":4,"column":15},"end":{"line":4,"column":38}},"3":{"start":{"line":6,"column":2},"end":{"line":6,"column":44}},"4":{"start":{"line":6,"column":24},"end":{"line":6,"column":44}},"5":{"start":{"line":7,"column":2},"end":{"line":7,"column":38}},"6":{"start":{"line":7,"column":22},"end":{"line":7,"column":38}},"7":{"start":{"line":9,"column":2},"end":{"line":9,"column":35}},"8":{"start":{"line":13,"column":16},"end":{"line":13,"column":18}},"9":{"start":{"line":14,"column":20},"end":{"line":14,"column":45}},"10":{"start":{"line":15,"column":18},"end":{"line":15,"column":41}},"11":{"start":{"line":17,"column":20},"end":{"line":17,"column":29}},"12":{"start":{"line":18,"column":18},"end":{"line":22,"column":3}},"13":{"start":{"line":19,"column":17},"end":{"line":19,"column":41}},"14":{"start":{"line":20,"column":4},"end":{"line":20,"column":40}},"15":{"start":{"line":21,"column":4},"end":{"line":21,"column":16}},"16":{"start":{"line":23,"column":2},"end":{"line":26,"column":3}},"17":{"start":{"line":24,"column":4},"end":{"line":24,"column":43}},"18":{"start":{"line":25,"column":4},"end":{"line":25,"column":47}},"19":{"start":{"line":27,"column":2},"end":{"line":27,"column":15}},"20":{"start":{"line":30,"column":0},"end":{"line":30,"column":44}}},"fnMap":{"0":{"name":"formattedDate","decl":{"start":{"line":1,"column":9},"end":{"line":1,"column":22}},"loc":{"start":{"line":1,"column":26},"end":{"line":10,"column":1}},"line":1},"1":{"name":"getDatesInPeriod","decl":{"start":{"line":12,"column":9},"end":{"line":12,"column":25}},"loc":{"start":{"line":12,"column":82},"end":{"line":28,"column":1}},"line":12},"2":{"name":"addDays","decl":{"start":{"line":18,"column":27},"end":{"line":18,"column":34}},"loc":{"start":{"line":18,"column":41},"end":{"line":22,"column":3}},"line":18}},"branchMap":{"0":{"loc":{"start":{"line":6,"column":2},"end":{"line":6,"column":44}},"type":"if","locations":[{"start":{"line":6,"column":2},"end":{"line":6,"column":44}},{"start":{"line":6,"column":2},"end":{"line":6,"column":44}}],"line":6},"1":{"loc":{"start":{"line":7,"column":2},"end":{"line":7,"column":38}},"type":"if","locations":[{"start":{"line":7,"column":2},"end":{"line":7,"column":38}},{"start":{"line":7,"column":2},"end":{"line":7,"column":38}}],"line":7}},"s":{"0":1468,"1":1468,"2":1468,"3":1468,"4":1100,"5":1468,"6":436,"7":1468,"8":6,"9":6,"10":6,"11":6,"12":6,"13":1468,"14":1468,"15":1468,"16":6,"17":1468,"18":1468,"19":6,"20":4},"f":{"0":1468,"1":6,"2":1468},"b":{"0":[1100,368],"1":[436,1032]},"_coverageSchema":"1a1c01bbd47fc00a2c39e90264f33305004495a9","hash":"e74e1d8de753940a3d2d4049aa59642da8dee619"}
,"/Users/javierjv/Workspace/catalanska/gym-api/lib/dbInterface.js": {"path":"/Users/javierjv/Workspace/catalanska/gym-api/lib/dbInterface.js","statementMap":{"0":{"start":{"line":1,"column":11},"end":{"line":1,"column":24}},"1":{"start":{"line":2,"column":13},"end":{"line":2,"column":28}},"2":{"start":{"line":4,"column":19},"end":{"line":4,"column":30}},"3":{"start":{"line":6,"column":18},"end":{"line":6,"column":82}},"4":{"start":{"line":6,"column":29},"end":{"line":6,"column":82}},"5":{"start":{"line":9,"column":17},"end":{"line":9,"column":33}},"6":{"start":{"line":10,"column":19},"end":{"line":10,"column":52}},"7":{"start":{"line":11,"column":21},"end":{"line":11,"column":41}},"8":{"start":{"line":12,"column":2},"end":{"line":12,"column":20}},"9":{"start":{"line":15,"column":0},"end":{"line":19,"column":2}},"10":{"start":{"line":16,"column":15},"end":{"line":16,"column":35}},"11":{"start":{"line":18,"column":2},"end":{"line":18,"column":22}},"12":{"start":{"line":21,"column":0},"end":{"line":33,"column":2}},"13":{"start":{"line":22,"column":15},"end":{"line":22,"column":35}},"14":{"start":{"line":24,"column":13},"end":{"line":26,"column":3}},"15":{"start":{"line":25,"column":4},"end":{"line":25,"column":19}},"16":{"start":{"line":28,"column":19},"end":{"line":30,"column":3}},"17":{"start":{"line":29,"column":4},"end":{"line":29,"column":27}},"18":{"start":{"line":32,"column":2},"end":{"line":32,"column":40}},"19":{"start":{"line":35,"column":0},"end":{"line":44,"column":2}},"20":{"start":{"line":36,"column":13},"end":{"line":36,"column":33}},"21":{"start":{"line":38,"column":2},"end":{"line":41,"column":4}},"22":{"start":{"line":43,"column":2},"end":{"line":43,"column":78}},"23":{"start":{"line":46,"column":0},"end":{"line":51,"column":2}},"24":{"start":{"line":47,"column":13},"end":{"line":47,"column":33}},"25":{"start":{"line":48,"column":2},"end":{"line":48,"column":45}},"26":{"start":{"line":50,"column":2},"end":{"line":50,"column":78}},"27":{"start":{"line":53,"column":0},"end":{"line":58,"column":2}},"28":{"start":{"line":54,"column":15},"end":{"line":54,"column":35}},"29":{"start":{"line":55,"column":2},"end":{"line":55,"column":21}},"30":{"start":{"line":57,"column":2},"end":{"line":57,"column":78}},"31":{"start":{"line":61,"column":0},"end":{"line":63,"column":2}},"32":{"start":{"line":62,"column":2},"end":{"line":62,"column":67}}},"fnMap":{"0":{"name":"(anonymous_0)","decl":{"start":{"line":6,"column":18},"end":{"line":6,"column":19}},"loc":{"start":{"line":6,"column":29},"end":{"line":6,"column":82}},"line":6},"1":{"name":"getData","decl":{"start":{"line":8,"column":15},"end":{"line":8,"column":22}},"loc":{"start":{"line":8,"column":30},"end":{"line":13,"column":1}},"line":8},"2":{"name":"findRecord","decl":{"start":{"line":15,"column":36},"end":{"line":15,"column":46}},"loc":{"start":{"line":15,"column":62},"end":{"line":19,"column":1}},"line":15},"3":{"name":"findRecords","decl":{"start":{"line":21,"column":37},"end":{"line":21,"column":48}},"loc":{"start":{"line":21,"column":63},"end":{"line":33,"column":1}},"line":21},"4":{"name":"find","decl":{"start":{"line":24,"column":22},"end":{"line":24,"column":26}},"loc":{"start":{"line":24,"column":30},"end":{"line":26,"column":3}},"line":24},"5":{"name":"find","decl":{"start":{"line":28,"column":28},"end":{"line":28,"column":32}},"loc":{"start":{"line":28,"column":36},"end":{"line":30,"column":3}},"line":28},"6":{"name":"writeRecord","decl":{"start":{"line":35,"column":37},"end":{"line":35,"column":48}},"loc":{"start":{"line":35,"column":64},"end":{"line":44,"column":1}},"line":35},"7":{"name":"writeRecords","decl":{"start":{"line":46,"column":38},"end":{"line":46,"column":50}},"loc":{"start":{"line":46,"column":67},"end":{"line":51,"column":1}},"line":46},"8":{"name":"updateRecord","decl":{"start":{"line":53,"column":38},"end":{"line":53,"column":50}},"loc":{"start":{"line":53,"column":71},"end":{"line":58,"column":1}},"line":53},"9":{"name":"resetDB","decl":{"start":{"line":61,"column":33},"end":{"line":61,"column":40}},"loc":{"start":{"line":61,"column":48},"end":{"line":63,"column":1}},"line":61}},"branchMap":{},"s":{"0":6,"1":6,"2":6,"3":6,"4":90,"5":30,"6":30,"7":30,"8":29,"9":6,"10":8,"11":8,"12":6,"13":6,"14":5,"15":1102,"16":5,"17":1102,"18":5,"19":6,"20":9,"21":9,"22":9,"23":6,"24":4,"25":4,"26":4,"27":6,"28":3,"29":3,"30":3,"31":6,"32":44},"f":{"0":90,"1":30,"2":8,"3":6,"4":1102,"5":1102,"6":9,"7":4,"8":3,"9":44},"b":{},"_coverageSchema":"1a1c01bbd47fc00a2c39e90264f33305004495a9","hash":"9ad126ec8a892fa527e378e0f6c9cca91c62b0e6"}
,"/Users/javierjv/Workspace/catalanska/gym-api/lib/validators.js": {"path":"/Users/javierjv/Workspace/catalanska/gym-api/lib/validators.js","statementMap":{"0":{"start":{"line":1,"column":22},"end":{"line":1,"column":56}},"1":{"start":{"line":3,"column":0},"end":{"line":8,"column":2}},"2":{"start":{"line":4,"column":20},"end":{"line":4,"column":45}},"3":{"start":{"line":5,"column":18},"end":{"line":5,"column":41}},"4":{"start":{"line":7,"column":2},"end":{"line":7,"column":32}},"5":{"start":{"line":10,"column":0},"end":{"line":12,"column":2}},"6":{"start":{"line":11,"column":2},"end":{"line":11,"column":61}}},"fnMap":{"0":{"name":"isValidDateRange","decl":{"start":{"line":3,"column":36},"end":{"line":3,"column":52}},"loc":{"start":{"line":3,"column":85},"end":{"line":8,"column":1}},"line":3},"1":{"name":"areDatesAvailable","decl":{"start":{"line":10,"column":43},"end":{"line":10,"column":60}},"loc":{"start":{"line":10,"column":81},"end":{"line":12,"column":1}},"line":10}},"branchMap":{},"s":{"0":3,"1":3,"2":4,"3":4,"4":4,"5":3,"6":3},"f":{"0":4,"1":3},"b":{},"_coverageSchema":"1a1c01bbd47fc00a2c39e90264f33305004495a9","hash":"53c94a96e4bfb2e031706d1c17a581caa7dd5f22"}
,"/Users/javierjv/Workspace/catalanska/gym-api/models/calendarModel.js": {"path":"/Users/javierjv/Workspace/catalanska/gym-api/models/calendarModel.js","statementMap":{"0":{"start":{"line":3,"column":4},"end":{"line":3,"column":33}},"1":{"start":{"line":4,"column":29},"end":{"line":4,"column":58}},"2":{"start":{"line":6,"column":18},"end":{"line":6,"column":28}},"3":{"start":{"line":8,"column":0},"end":{"line":13,"column":2}},"4":{"start":{"line":9,"column":2},"end":{"line":9,"column":35}},"5":{"start":{"line":11,"column":2},"end":{"line":11,"column":51}},"6":{"start":{"line":12,"column":2},"end":{"line":12,"column":15}},"7":{"start":{"line":15,"column":0},"end":{"line":18,"column":2}},"8":{"start":{"line":16,"column":16},"end":{"line":16,"column":55}},"9":{"start":{"line":17,"column":2},"end":{"line":17,"column":15}},"10":{"start":{"line":20,"column":0},"end":{"line":30,"column":2}},"11":{"start":{"line":21,"column":18},"end":{"line":27,"column":6}},"12":{"start":{"line":21,"column":63},"end":{"line":27,"column":3}},"13":{"start":{"line":29,"column":2},"end":{"line":29,"column":41}},"14":{"start":{"line":32,"column":0},"end":{"line":37,"column":2}},"15":{"start":{"line":33,"column":16},"end":{"line":33,"column":56}},"16":{"start":{"line":34,"column":18},"end":{"line":34,"column":53}},"17":{"start":{"line":36,"column":2},"end":{"line":36,"column":30}}},"fnMap":{"0":{"name":"updateEntry","decl":{"start":{"line":8,"column":36},"end":{"line":8,"column":47}},"loc":{"start":{"line":8,"column":68},"end":{"line":13,"column":1}},"line":8},"1":{"name":"findCalendarEntry","decl":{"start":{"line":15,"column":43},"end":{"line":15,"column":60}},"loc":{"start":{"line":15,"column":73},"end":{"line":18,"column":1}},"line":15},"2":{"name":"storeCalendarEntries","decl":{"start":{"line":20,"column":46},"end":{"line":20,"column":66}},"loc":{"start":{"line":20,"column":87},"end":{"line":30,"column":1}},"line":20},"3":{"name":"(anonymous_3)","decl":{"start":{"line":21,"column":46},"end":{"line":21,"column":47}},"loc":{"start":{"line":21,"column":63},"end":{"line":27,"column":3}},"line":21},"4":{"name":"areDatesAvailable","decl":{"start":{"line":32,"column":43},"end":{"line":32,"column":60}},"loc":{"start":{"line":32,"column":81},"end":{"line":37,"column":1}},"line":32}},"branchMap":{},"s":{"0":4,"1":4,"2":4,"3":4,"4":3,"5":3,"6":2,"7":4,"8":6,"9":6,"10":4,"11":3,"12":368,"13":3,"14":4,"15":5,"16":5,"17":4},"f":{"0":3,"1":6,"2":3,"3":368,"4":5},"b":{},"_coverageSchema":"1a1c01bbd47fc00a2c39e90264f33305004495a9","hash":"4819d21e15733db742de6fec1dd2ed21e8225a30"}
,"/Users/javierjv/Workspace/catalanska/gym-api/models/classModel.js": {"path":"/Users/javierjv/Workspace/catalanska/gym-api/models/classModel.js","statementMap":{"0":{"start":{"line":1,"column":23},"end":{"line":1,"column":38}},"1":{"start":{"line":2,"column":24},"end":{"line":2,"column":53}},"2":{"start":{"line":4,"column":18},"end":{"line":4,"column":27}},"3":{"start":{"line":6,"column":0},"end":{"line":17,"column":2}},"4":{"start":{"line":7,"column":13},"end":{"line":7,"column":21}},"5":{"start":{"line":9,"column":19},"end":{"line":12,"column":3}},"6":{"start":{"line":14,"column":2},"end":{"line":14,"column":51}},"7":{"start":{"line":16,"column":2},"end":{"line":16,"column":18}}},"fnMap":{"0":{"name":"storeClass","decl":{"start":{"line":6,"column":36},"end":{"line":6,"column":46}},"loc":{"start":{"line":6,"column":60},"end":{"line":17,"column":1}},"line":6}},"branchMap":{},"s":{"0":4,"1":4,"2":4,"3":4,"4":4,"5":4,"6":4,"7":3},"f":{"0":4},"b":{},"_coverageSchema":"1a1c01bbd47fc00a2c39e90264f33305004495a9","hash":"5d146bd639835880414d1d6ac160863850c7b20c"}
,"/Users/javierjv/Workspace/catalanska/gym-api/routes/bookings.js": {"path":"/Users/javierjv/Workspace/catalanska/gym-api/routes/bookings.js","statementMap":{"0":{"start":{"line":1,"column":16},"end":{"line":1,"column":34}},"1":{"start":{"line":3,"column":15},"end":{"line":3,"column":31}},"2":{"start":{"line":4,"column":26},"end":{"line":4,"column":70}},"3":{"start":{"line":6,"column":0},"end":{"line":6,"column":48}},"4":{"start":{"line":8,"column":0},"end":{"line":8,"column":24}}},"fnMap":{},"branchMap":{},"s":{"0":3,"1":3,"2":3,"3":3,"4":3},"f":{},"b":{},"_coverageSchema":"1a1c01bbd47fc00a2c39e90264f33305004495a9","hash":"c99c8be3af29f933fcbc8f385830fc3e09083e3a"}
,"/Users/javierjv/Workspace/catalanska/gym-api/routes/classes.js": {"path":"/Users/javierjv/Workspace/catalanska/gym-api/routes/classes.js","statementMap":{"0":{"start":{"line":1,"column":16},"end":{"line":1,"column":34}},"1":{"start":{"line":3,"column":15},"end":{"line":3,"column":31}},"2":{"start":{"line":4,"column":26},"end":{"line":4,"column":69}},"3":{"start":{"line":6,"column":0},"end":{"line":6,"column":48}},"4":{"start":{"line":8,"column":0},"end":{"line":8,"column":24}}},"fnMap":{},"branchMap":{},"s":{"0":3,"1":3,"2":3,"3":3,"4":3},"f":{},"b":{},"_coverageSchema":"1a1c01bbd47fc00a2c39e90264f33305004495a9","hash":"1960bba49f3fcb564344f5673e45070e67f3ec3a"}
,"/Users/javierjv/Workspace/catalanska/gym-api/server/index.js": {"path":"/Users/javierjv/Workspace/catalanska/gym-api/server/index.js","statementMap":{"0":{"start":{"line":1,"column":16},"end":{"line":1,"column":34}},"1":{"start":{"line":2,"column":39},"end":{"line":2,"column":83}},"2":{"start":{"line":4,"column":22},"end":{"line":4,"column":50}},"3":{"start":{"line":5,"column":20},"end":{"line":5,"column":59}},"4":{"start":{"line":7,"column":23},"end":{"line":7,"column":52}},"5":{"start":{"line":8,"column":22},"end":{"line":8,"column":63}},"6":{"start":{"line":10,"column":18},"end":{"line":10,"column":52}},"7":{"start":{"line":11,"column":21},"end":{"line":11,"column":30}},"8":{"start":{"line":13,"column":15},"end":{"line":13,"column":24}},"9":{"start":{"line":15,"column":0},"end":{"line":15,"column":27}},"10":{"start":{"line":16,"column":0},"end":{"line":16,"column":71}},"11":{"start":{"line":17,"column":0},"end":{"line":17,"column":75}},"12":{"start":{"line":19,"column":0},"end":{"line":24,"column":3}},"13":{"start":{"line":20,"column":2},"end":{"line":23,"column":19}},"14":{"start":{"line":21,"column":4},"end":{"line":21,"column":52}},"15":{"start":{"line":22,"column":4},"end":{"line":22,"column":11}},"16":{"start":{"line":23,"column":9},"end":{"line":23,"column":19}},"17":{"start":{"line":26,"column":0},"end":{"line":26,"column":24}}},"fnMap":{"0":{"name":"(anonymous_0)","decl":{"start":{"line":19,"column":11},"end":{"line":19,"column":12}},"loc":{"start":{"line":19,"column":36},"end":{"line":24,"column":1}},"line":19}},"branchMap":{"0":{"loc":{"start":{"line":20,"column":2},"end":{"line":23,"column":19}},"type":"if","locations":[{"start":{"line":20,"column":2},"end":{"line":23,"column":19}},{"start":{"line":20,"column":2},"end":{"line":23,"column":19}}],"line":20}},"s":{"0":3,"1":3,"2":3,"3":3,"4":3,"5":3,"6":3,"7":3,"8":3,"9":3,"10":3,"11":3,"12":3,"13":4,"14":4,"15":4,"16":0,"17":3},"f":{"0":4},"b":{"0":[4,0]},"_coverageSchema":"1a1c01bbd47fc00a2c39e90264f33305004495a9","hash":"f20342bcdf691e1860245101cc89ffad536e6f2c"}
}
