TN:
SF:controllers/bookingsController.js
FN:3,createClass
FN:5,(anonymous_1)
FN:6,(anonymous_2)
FNF:3
FNH:3
FNDA:3,createClass
FNDA:1,(anonymous_1)
FNDA:2,(anonymous_2)
DA:1,3
DA:3,3
DA:4,3
DA:5,1
DA:7,2
DA:8,1
DA:9,1
DA:12,1
LF:8
LH:8
BRDA:7,0,0,1
BRDA:7,0,1,1
BRF:2
BRH:2
end_of_record
TN:
SF:controllers/classesController.js
FN:3,createClass
FN:5,(anonymous_1)
FN:6,(anonymous_2)
FNF:3
FNH:3
FNDA:4,createClass
FNDA:1,(anonymous_1)
FNDA:3,(anonymous_2)
DA:1,3
DA:3,3
DA:4,4
DA:5,1
DA:7,3
DA:8,1
DA:9,1
DA:11,2
DA:12,1
DA:13,1
DA:16,1
LF:11
LH:11
BRDA:7,0,0,1
BRDA:7,0,1,2
BRDA:11,1,0,1
BRDA:11,1,1,1
BRF:4
BRH:4
end_of_record
TN:
SF:lib/createBookingService.js
FN:3,createClassService
FNF:1
FNH:1
FNDA:3,createClassService
DA:1,3
DA:3,3
DA:4,3
DA:6,3
DA:8,2
DA:9,1
LF:6
LH:6
BRDA:6,0,0,1
BRDA:6,0,1,2
BRF:2
BRH:2
end_of_record
TN:
SF:lib/createClassService.js
FN:9,createCalendarEntries
FN:16,validateClassParams
FN:24,createClassService
FNF:3
FNH:3
FNDA:1,createCalendarEntries
FNDA:4,validateClassParams
FNDA:4,createClassService
DA:1,3
DA:2,3
DA:3,3
DA:4,3
DA:6,3
DA:7,3
DA:10,1
DA:11,1
DA:13,1
DA:17,4
DA:18,4
DA:20,3
DA:21,3
DA:24,3
DA:25,4
DA:26,2
DA:27,1
DA:29,1
LF:18
LH:18
BRDA:18,0,0,1
BRDA:18,0,1,3
BRDA:21,1,0,1
BRDA:21,1,1,2
BRF:4
BRH:4
end_of_record
TN:
SF:lib/datesHelper.js
FN:1,formattedDate
FN:12,getDatesInPeriod
FN:18,addDays
FNF:3
FNH:3
FNDA:1468,formattedDate
FNDA:6,getDatesInPeriod
FNDA:1468,addDays
DA:2,1468
DA:3,1468
DA:4,1468
DA:6,1468
DA:7,1468
DA:9,1468
DA:13,6
DA:14,6
DA:15,6
DA:17,6
DA:18,6
DA:19,1468
DA:20,1468
DA:21,1468
DA:23,6
DA:24,1468
DA:25,1468
DA:27,6
DA:30,4
LF:19
LH:19
BRDA:6,0,0,1100
BRDA:6,0,1,368
BRDA:7,1,0,436
BRDA:7,1,1,1032
BRF:4
BRH:4
end_of_record
TN:
SF:lib/dbInterface.js
FN:6,(anonymous_0)
FN:8,readFile
FN:9,(anonymous_2)
FN:10,(anonymous_3)
FN:19,getData
FN:27,findRecord
FN:33,findRecords
FN:36,find
FN:40,find
FN:47,writeRecord
FN:58,writeRecords
FN:65,updateRecord
FN:73,resetDB
FNF:13
FNH:13
FNDA:90,(anonymous_0)
FNDA:30,readFile
FNDA:30,(anonymous_2)
FNDA:30,(anonymous_3)
FNDA:30,getData
FNDA:8,findRecord
FNDA:6,findRecords
FNDA:1104,find
FNDA:1104,find
FNDA:9,writeRecord
FNDA:4,writeRecords
FNDA:3,updateRecord
FNDA:44,resetDB
DA:1,6
DA:2,6
DA:4,6
DA:6,90
DA:9,30
DA:10,30
DA:11,30
DA:12,0
DA:14,30
DA:20,30
DA:21,30
DA:22,30
DA:24,30
DA:27,6
DA:28,8
DA:30,8
DA:33,6
DA:34,6
DA:36,6
DA:37,1104
DA:40,6
DA:41,1104
DA:44,6
DA:47,6
DA:48,9
DA:50,9
DA:55,9
DA:58,6
DA:59,4
DA:60,4
DA:62,4
DA:65,6
DA:66,3
DA:67,3
DA:69,3
DA:73,6
DA:74,44
LF:37
LH:36
BRDA:11,0,0,0
BRDA:11,0,1,30
BRF:2
BRH:1
end_of_record
TN:
SF:lib/validators.js
FN:3,isValidDateRange
FN:10,areDatesAvailable
FNF:2
FNH:2
FNDA:4,isValidDateRange
FNDA:3,areDatesAvailable
DA:1,3
DA:3,3
DA:4,4
DA:5,4
DA:7,4
DA:10,3
DA:11,3
LF:7
LH:7
BRF:0
BRH:0
end_of_record
TN:
SF:models/calendarModel.js
FN:8,updateEntry
FN:15,findCalendarEntry
FN:20,storeCalendarEntries
FN:21,(anonymous_3)
FN:32,areDatesAvailable
FNF:5
FNH:5
FNDA:3,updateEntry
FNDA:6,findCalendarEntry
FNDA:3,storeCalendarEntries
FNDA:368,(anonymous_3)
FNDA:5,areDatesAvailable
DA:3,4
DA:4,4
DA:6,4
DA:8,4
DA:9,3
DA:11,3
DA:12,2
DA:15,4
DA:16,6
DA:17,6
DA:20,4
DA:21,368
DA:29,3
DA:32,4
DA:33,5
DA:34,5
DA:36,5
LF:17
LH:17
BRF:0
BRH:0
end_of_record
TN:
SF:models/classModel.js
FN:6,storeClass
FNF:1
FNH:1
FNDA:4,storeClass
DA:1,4
DA:2,4
DA:4,4
DA:6,4
DA:7,4
DA:9,4
DA:14,4
DA:16,3
LF:8
LH:8
BRF:0
BRH:0
end_of_record
TN:
SF:routes/bookings.js
FNF:0
FNH:0
DA:1,3
DA:3,3
DA:4,3
DA:6,3
DA:8,3
LF:5
LH:5
BRF:0
BRH:0
end_of_record
TN:
SF:routes/classes.js
FNF:0
FNH:0
DA:1,3
DA:3,3
DA:4,3
DA:6,3
DA:8,3
LF:5
LH:5
BRF:0
BRH:0
end_of_record
TN:
SF:server/index.js
FN:19,(anonymous_0)
FNF:1
FNH:1
FNDA:4,(anonymous_0)
DA:1,3
DA:2,3
DA:4,3
DA:5,3
DA:7,3
DA:8,3
DA:10,3
DA:11,3
DA:13,3
DA:15,3
DA:16,3
DA:17,3
DA:19,3
DA:20,4
DA:21,4
DA:22,4
DA:23,0
DA:26,3
LF:18
LH:17
BRDA:20,0,0,4
BRDA:20,0,1,0
BRF:2
BRH:1
end_of_record
